<?xml version="1.0" encoding="utf-8"?><testsuites name="pytest tests"><testsuite name="pytest" errors="0" failures="0" skipped="0" tests="3" time="1.762" timestamp="2026-09-25T05:56:33.843962+00:00" hostname="runnervmtr4k5"><testcase classname="tests.generation.test_logits_process.LogitsProcessorTest" name="test_bias_dist_processor_zero_token_roundtrip_full_prefix" time="0.003" /><testcase classname="tests.generation.test_logits_process.LogitsProcessorTest" name="test_bias_dist_processor" time="0.001" /><testcase classname="tests.generation.test_logits_process.LogitsProcessorTest" name="test_no_bad_words_dist_processor" time="0.001" /></testsuite></testsuites>