<?xml version="1.0" encoding="utf-8"?><testsuites name="pytest tests"><testsuite name="pytest" errors="0" failures="1" skipped="0" tests="3" time="1.765" timestamp="2026-09-25T05:56:52.043236+00:00" hostname="runnervmtr4k5"><testcase classname="tests.generation.test_logits_process.LogitsProcessorTest" name="test_bias_dist_processor_zero_token_roundtrip_full_prefix" time="0.003"><failure message="AssertionError: Tensor-likes are not equal!&#10;&#10;Mismatched elements: 1 / 12 (8.3%)&#10;Greatest absolute difference: 2.5 at index (0, 4)&#10;Greatest relative difference: 1.0 at index (0, 4)">self = &lt;tests.generation.test_logits_process.LogitsProcessorTest testMethod=test_bias_dist_processor_zero_token_roundtrip_full_prefix&gt;

    def test_bias_dist_processor_zero_token_roundtrip_full_prefix(self):
        sequence_bias = [[[0, 4], -2.5]]
        with tempfile.TemporaryDirectory() as tmp_dir:
            GenerationConfig(sequence_bias=sequence_bias).save_pretrained(tmp_dir)
            config = GenerationConfig.from_pretrained(tmp_dir, local_files_only=True)
        self.assertEqual(config.sequence_bias, sequence_bias)
    
        input_ids = torch.tensor([[0], [3]], dtype=torch.long, device=torch_device)
        scores = torch.tensor([[1, 2, 3, 4, 5, 6], [6, 5, 4, 3, 2, 1]], dtype=torch.float, device=torch_device)
        original_scores = scores.clone()
        processor = SequenceBiasLogitsProcessor(sequence_bias=config.sequence_bias)
        actual = processor(input_ids, scores)
        expected = torch.tensor([[1, 2, 3, 4, 2.5, 6], [6, 5, 4, 3, 2, 1]], dtype=torch.float, device=torch_device)
&gt;       torch.testing.assert_close(actual, expected, rtol=0, atol=0)
E       AssertionError: Tensor-likes are not equal!
E       
E       Mismatched elements: 1 / 12 (8.3%)
E       Greatest absolute difference: 2.5 at index (0, 4)
E       Greatest relative difference: 1.0 at index (0, 4)

tests/generation/test_logits_process.py:812: AssertionError</failure></testcase><testcase classname="tests.generation.test_logits_process.LogitsProcessorTest" name="test_bias_dist_processor" time="0.001" /><testcase classname="tests.generation.test_logits_process.LogitsProcessorTest" name="test_no_bad_words_dist_processor" time="0.001" /></testsuite></testsuites>